<?xml version="1.0" encoding="UTF-8" ?>
<testsuite errors="0" failures="0" hostname="Alices-MacBook-Pro-2.local" name="fitnesse.responders.run.slimResponder.HtmlSlimResponderTest" tests="36" time="29.015" timestamp="2013-10-25T13:04:19">
  <properties>
[...]
</properties>
  <testcase classname="fitnesse.responders.run.slimResponder.HtmlSlimResponderTest" name="tableWithStopTestExceptionThrown" time="0.635" />
  <testcase classname="fitnesse.responders.run.slimResponder.HtmlSlimResponderTest" name="emptySubsetQueryTable" time="0.832" />
  <testcase classname="fitnesse.responders.run.slimResponder.HtmlSlimResponderTest" name="emptyImportTable" time="0.377" />
  <testcase classname="fitnesse.responders.run.slimResponder.HtmlSlimResponderTest" name="subsetQueryFixtureHasNoQueryFunction" time="0.403" />
  <testcase classname="fitnesse.responders.run.slimResponder.HtmlSlimResponderTest" name="noSuchConverter" time="0.459" />
  <testcase classname="fitnesse.responders.run.slimResponder.HtmlSlimResponderTest" name="tableWithBadVariableHasException" time="0.479" />
  <testcase classname="fitnesse.responders.run.slimResponder.HtmlSlimResponderTest" name="verboseOutputIfSlimFlagSet" time="0.37" />
  <testcase classname="fitnesse.responders.run.slimResponder.HtmlSlimResponderTest" name="reportableExceptionsAreReported" time="0.501" />
  <testcase classname="fitnesse.responders.run.slimResponder.HtmlSlimResponderTest" name="orderedQueryFixtureHasNoQueryFunction" time="0.431" />
  <testcase classname="fitnesse.responders.run.slimResponder.HtmlSlimResponderTest" name="tableWithException" time="0.454" />
  <testcase classname="fitnesse.responders.run.slimResponder.HtmlSlimResponderTest" name="nullStringReturned" time="0.485" />
  <testcase classname="fitnesse.responders.run.slimResponder.HtmlSlimResponderTest" name="tableWithExpression" time="0.52" />
  <testcase classname="fitnesse.responders.run.slimResponder.HtmlSlimResponderTest" name="substituteSymbolIntoExpression" time="0.57" />
  <testcase classname="fitnesse.responders.run.slimResponder.HtmlSlimResponderTest" name="versionMismatchIsReported" time="0.373" />
  <testcase classname="fitnesse.responders.run.slimResponder.HtmlSlimResponderTest" name="emptyTableTable" time="0.437" />
  <testcase classname="fitnesse.responders.run.slimResponder.HtmlSlimResponderTest" name="emptyScenarioTable" time="0.362" />
  <testcase classname="fitnesse.responders.run.slimResponder.HtmlSlimResponderTest" name="queryTableWithoutTableFunctionIgnoresMissingMethodException" time="0.469" />
  <testcase classname="fitnesse.responders.run.slimResponder.HtmlSlimResponderTest" name="simpleDecisionTable" time="0.532" />
  <testcase classname="fitnesse.responders.run.slimResponder.HtmlSlimResponderTest" name="tableWithoutPrefixWillBeConstructed" time="2.972" />
  <testcase classname="fitnesse.responders.run.slimResponder.HtmlSlimResponderTest" name="returnedListsBecomeStrings" time="3.458" />
  <testcase classname="fitnesse.responders.run.slimResponder.HtmlSlimResponderTest" name="checkTestClassPrecededByDefine" time="2.295" />
  <testcase classname="fitnesse.responders.run.slimResponder.HtmlSlimResponderTest" name="versionMismatchIsNotReported" time="1.121" />
  <testcase classname="fitnesse.responders.run.slimResponder.HtmlSlimResponderTest" name="tableWithStopTestMessageException" time="1.695" />
  <testcase classname="fitnesse.responders.run.slimResponder.HtmlSlimResponderTest" name="scriptTableWithBadConstructor" time="0.59" />
  <testcase classname="fitnesse.responders.run.slimResponder.HtmlSlimResponderTest" name="slimResponderStartsAndQuitsSlim" time="0.366" />
  <testcase classname="fitnesse.responders.run.slimResponder.HtmlSlimResponderTest" name="scenarioTableIsRegistered" time="0.547" />
  <testcase classname="fitnesse.responders.run.slimResponder.HtmlSlimResponderTest" name="tableWithBadConstructorHasException" time="0.91" />
  <testcase classname="fitnesse.responders.run.slimResponder.HtmlSlimResponderTest" name="emptyQueryTable" time="1.062" />
  <testcase classname="fitnesse.responders.run.slimResponder.HtmlSlimResponderTest" name="emptyOrderedQueryTable" time="0.848" />
  <testcase classname="fitnesse.responders.run.slimResponder.HtmlSlimResponderTest" name="decisionTableIgnoresMethodMissingForResetExecuteAndTable" time="0.624" />
  <testcase classname="fitnesse.responders.run.slimResponder.HtmlSlimResponderTest" name="queryFixtureHasNoQueryFunction" time="0.439" />
  <testcase classname="fitnesse.responders.run.slimResponder.HtmlSlimResponderTest" name="decisionTableWithExecuteThatThrowsDoesShowsException" time="0.795" />
  <testcase classname="fitnesse.responders.run.slimResponder.HtmlSlimResponderTest" name="tableFixtureHasNoDoTableFunction" time="0.474" />
  <testcase classname="fitnesse.responders.run.slimResponder.HtmlSlimResponderTest" name="tableWithMessageException" time="0.478" />
  <testcase classname="fitnesse.responders.run.slimResponder.HtmlSlimResponderTest" name="tableWithSymbolSubstitution" time="0.501" />
  <testcase classname="fitnesse.responders.run.slimResponder.HtmlSlimResponderTest" name="decisionTableWithNoResetDoesNotCountExceptionsForExecute" time="0.967" />
  <system-out><![CDATA[]]></system-out>
  <system-err><![CDATA[]]></system-err>
</testsuite>
