<?xml version="1.0" encoding="UTF-8" ?>
<testsuite errors="0" failures="0" hostname="Alices-MacBook-Pro-2.local" name="fitnesse.responders.run.TestResponderTest" tests="38" time="9.855" timestamp="2013-10-25T13:04:09">
  <properties>
    <property name="java.vendor" value="Oracle Corporation" />
    <property name="lib.dir" value="/Users/Alice/Dev/Workspace/InheritanceToComposition/fitnesse/lib" />
    <property name="sun.java.launcher" value="SUN_STANDARD" />
    <property name="sun.management.compiler" value="HotSpot 64-Bit Tiered Compilers" />
    <property name="os.name" value="Mac OS X" />
    <property name="sun.boot.class.path" value="/Library/Java/JavaVirtualMachines/jdk1.7.0_25.jdk/Contents/Home/jre/lib/resources.jar:/Library/Java/JavaVirtualMachines/jdk1.7.0_25.jdk/Contents/Home/jre/lib/rt.jar:/Library/Java/JavaVirtualMachines/jdk1.7.0_25.jdk/Contents/Home/jre/lib/sunrsasign.jar:/Library/Java/JavaVirtualMachines/jdk1.7.0_25.jdk/Contents/Home/jre/lib/jsse.jar:/Library/Java/JavaVirtualMachines/jdk1.7.0_25.jdk/Contents/Home/jre/lib/jce.jar:/Library/Java/JavaVirtualMachines/jdk1.7.0_25.jdk/Contents/Home/jre/lib/charsets.jar:/Library/Java/JavaVirtualMachines/jdk1.7.0_25.jdk/Contents/Home/jre/lib/jfr.jar:/Library/Java/JavaVirtualMachines/jdk1.7.0_25.jdk/Contents/Home/jre/lib/JObjC.jar:/Library/Java/JavaVirtualMachines/jdk1.7.0_25.jdk/Contents/Home/jre/classes" />
    <property name="env.TMPDIR" value="/var/folders/mn/5v38jfbx09gbdq8yx1fjh44h0000gn/T/" />
    <property name="env.Apple_Ubiquity_Message" value="/tmp/launch-vlnp4v/Apple_Ubiquity_Message" />
    <property name="env.PWD" value="/Users/Alice/dev/Workspace/InheritanceToComposition/fitnesse" />
    <property name="antlib.dir" value="/Users/Alice/Dev/Workspace/InheritanceToComposition/fitnesse/antlib" />
    <property name="TODAY" value="October 25 2013" />
    <property name="user.country.format" value="GB" />
    <property name="env.LANG" value="en_GB.UTF-8" />
    <property name="java.vm.specification.vendor" value="Oracle Corporation" />
    <property name="ant.home" value="/usr/share/ant" />
    <property name="java.runtime.version" value="1.7.0_25-b15" />
    <property name="env.Apple_PubSub_Socket_Render" value="/tmp/launch-ncc2ty/Render" />
    <property name="user.name" value="Alice" />
    <property name="env.USER" value="Alice" />
    <property name="env.SHELL" value="/bin/bash" />
    <property name="env.__CF_USER_TEXT_ENCODING" value="0x1F5:0:0" />
    <property name="env.PATH" value="/usr/bin:/bin:/usr/sbin:/sbin:/usr/local/bin:/Users/Alice/Dev/Grails/Grails_2.2.2/bin:/Library/Java/JavaVirtualMachines/jdk1.7.0_25.jdk/Contents/Home/bin" />
    <property name="user.language" value="en" />
    <property name="sun.boot.library.path" value="/Library/Java/JavaVirtualMachines/jdk1.7.0_25.jdk/Contents/Home/jre/lib" />
    <property name="fitnesseRoot" value="FitNesseRoot" />
    <property name="ant.project.default-target" value="all" />
    <property name="ant.project.name" value="Fitnesse" />
    <property name="DSTAMP" value="20131025" />
    <property name="java.version" value="1.7.0_25" />
    <property name="version" value="20131025" />
    <property name="user.timezone" value="" />
    <property name="sun.arch.data.model" value="64" />
    <property name="ant.file.type.Fitnesse" value="file" />
    <property name="http.nonProxyHosts" value="local|*.local|169.254/16|*.169.254/16" />
    <property name="java.endorsed.dirs" value="/Library/Java/JavaVirtualMachines/jdk1.7.0_25.jdk/Contents/Home/jre/lib/endorsed" />
    <property name="sun.cpu.isalist" value="" />
    <property name="port" value="8001" />
    <property name="sun.jnu.encoding" value="UTF-8" />
    <property name="file.encoding.pkg" value="sun.io" />
    <property name="env.SHLVL" value="1" />
    <property name="file.separator" value="/" />
    <property name="java.specification.name" value="Java Platform API Specification" />
    <property name="classes.dir" value="/Users/Alice/Dev/Workspace/InheritanceToComposition/fitnesse/classes" />
    <property name="java.class.version" value="51.0" />
    <property name="user.country" value="US" />
    <property name="java.home" value="/Library/Java/JavaVirtualMachines/jdk1.7.0_25.jdk/Contents/Home/jre" />
    <property name="dist.dir" value="/Users/Alice/Dev/Workspace/InheritanceToComposition/fitnesse/dist" />
    <property name="env.FITNESSE_TEST_PORT" value="8080" />
    <property name="java.vm.info" value="mixed mode" />
    <property name="env.LOGNAME" value="Alice" />
    <property name="ant.file" value="/Users/Alice/Dev/Workspace/InheritanceToComposition/fitnesse/build.xml" />
    <property name="os.version" value="10.8.5" />
    <property name="env.TERM_PROGRAM_VERSION" value="309" />
    <property name="path.separator" value=":" />
    <property name="java.vm.version" value="23.25-b01" />
    <property name="env.JAVA_MAIN_CLASS_3020" value="org.apache.tools.ant.launch.Launcher" />
    <property name="ant.library.dir" value="/usr/share/ant/lib" />
    <property name="env.JAVA_HOME" value="/Library/Java/JavaVirtualMachines/jdk1.7.0_25.jdk/Contents/Home" />
    <property name="java.awt.printerjob" value="sun.lwawt.macosx.CPrinterJob" />
    <property name="env.TERM" value="xterm-256color" />
    <property name="sun.io.unicode.encoding" value="UnicodeBig" />
    <property name="results.dir" value="/Users/Alice/Dev/Workspace/InheritanceToComposition/fitnesse/test-results" />
    <property name="awt.toolkit" value="sun.lwawt.macosx.LWCToolkit" />
    <property name="socksNonProxyHosts" value="local|*.local|169.254/16|*.169.254/16" />
    <property name="ftp.nonProxyHosts" value="local|*.local|169.254/16|*.169.254/16" />
    <property name="user.home" value="/Users/Alice" />
    <property name="java.specification.vendor" value="Oracle Corporation" />
    <property name="env.TERM_PROGRAM" value="Apple_Terminal" />
    <property name="java.library.path" value="/Users/Alice/Library/Java/Extensions:/Library/Java/Extensions:/Network/Library/Java/Extensions:/System/Library/Java/Extensions:/usr/lib/java:." />
    <property name="java.vendor.url" value="http://java.oracle.com/" />
    <property name="gopherProxySet" value="false" />
    <property name="java.vm.vendor" value="Oracle Corporation" />
    <property name="java.runtime.name" value="Java(TM) SE Runtime Environment" />
    <property name="java.class.path" value="/Users/Alice/Dev/Workspace/InheritanceToComposition/fitnesse/classes:/Users/Alice/Dev/Workspace/InheritanceToComposition/fitnesse/lib/ant.jar:/Users/Alice/Dev/Workspace/InheritanceToComposition/fitnesse/lib/commons-collections.jar:/Users/Alice/Dev/Workspace/InheritanceToComposition/fitnesse/lib/commons-lang.jar:/Users/Alice/Dev/Workspace/InheritanceToComposition/fitnesse/lib/diffutils.jar:/Users/Alice/Dev/Workspace/InheritanceToComposition/fitnesse/lib/hamcrest-all.jar:/Users/Alice/Dev/Workspace/InheritanceToComposition/fitnesse/lib/hamcrest-core.jar:/Users/Alice/Dev/Workspace/InheritanceToComposition/fitnesse/lib/htmllexer.jar:/Users/Alice/Dev/Workspace/InheritanceToComposition/fitnesse/lib/htmlparser.jar:/Users/Alice/Dev/Workspace/InheritanceToComposition/fitnesse/lib/json.jar:/Users/Alice/Dev/Workspace/InheritanceToComposition/fitnesse/lib/junit-4.11.jar:/Users/Alice/Dev/Workspace/InheritanceToComposition/fitnesse/lib/mockito-all.jar:/Users/Alice/Dev/Workspace/InheritanceToComposition/fitnesse/lib/rhino.jar:/Users/Alice/Dev/Workspace/InheritanceToComposition/fitnesse/lib/velocity.jar:/usr/share/java/ant-1.8.2/lib/ant-launcher.jar:/usr/share/ant/lib/ant.jar:/usr/share/ant/lib/ant-junit.jar:/usr/share/ant/lib/ant-junit4.jar" />
    <property name="ant.version" value="Apache Ant(TM) version 1.8.2 compiled on June 20 2012" />
    <property name="sun.java.command" value="org.apache.tools.ant.taskdefs.optional.junit.JUnitTestRunner testsfile=/Users/Alice/Dev/Workspace/InheritanceToComposition/fitnesse/junittestcases1471435469896291366.properties filtertrace=true haltOnError=true haltOnFailure=true showoutput=false outputtoformatters=true logfailedtests=true logtestlistenerevents=false formatter=org.apache.tools.ant.taskdefs.optional.junit.XMLJUnitResultFormatter,/Users/Alice/Dev/Workspace/InheritanceToComposition/fitnesse/test-results/IGNORETHIS.xml formatter=org.apache.tools.ant.taskdefs.optional.junit.PlainJUnitResultFormatter crashfile=/Users/Alice/Dev/Workspace/InheritanceToComposition/fitnesse/junitvmwatcher7855104253317332953.properties propsfile=/Users/Alice/Dev/Workspace/InheritanceToComposition/fitnesse/junit69077673248525215.properties" />
    <property name="env.TERM_SESSION_ID" value="25865CF5-5310-43F4-BE28-3CF0059B2EC7" />
    <property name="ant.file.Fitnesse" value="/Users/Alice/Dev/Workspace/InheritanceToComposition/fitnesse/build.xml" />
    <property name="TSTAMP" value="1402" />
    <property name="java.vm.specification.name" value="Java Virtual Machine Specification" />
    <property name="ant.file.type" value="file" />
    <property name="java.vm.specification.version" value="1.7" />
    <property name="sun.os.patch.level" value="unknown" />
    <property name="sun.cpu.endian" value="little" />
    <property name="env.HOME" value="/Users/Alice" />
    <property name="java.io.tmpdir" value="/var/folders/mn/5v38jfbx09gbdq8yx1fjh44h0000gn/T/" />
    <property name="java.vendor.url.bug" value="http://bugreport.sun.com/bugreport/" />
    <property name="env.SSH_AUTH_SOCK" value="/tmp/launch-r2BzIv/Listeners" />
    <property name="env.COMMAND_MODE" value="unix2003" />
    <property name="maven.central.url" value="http://repo2.maven.org/maven2" />
    <property name="os.arch" value="x86_64" />
    <property name="java.awt.graphicsenv" value="sun.awt.CGraphicsEnvironment" />
    <property name="java.ext.dirs" value="/Users/Alice/Library/Java/Extensions:/Library/Java/JavaVirtualMachines/jdk1.7.0_25.jdk/Contents/Home/jre/lib/ext:/Library/Java/Extensions:/Network/Library/Java/Extensions:/System/Library/Java/Extensions:/usr/lib/java" />
    <property name="user.dir" value="/Users/Alice/Dev/Workspace/InheritanceToComposition/fitnesse" />
    <property name="line.separator" value="
" />
    <property name="java.vm.name" value="Java HotSpot(TM) 64-Bit Server VM" />
    <property name="basedir" value="/Users/Alice/Dev/Workspace/InheritanceToComposition/fitnesse" />
    <property name="ant.java.version" value="1.7" />
    <property name="ant.core.lib" value="/usr/share/ant/lib/ant.jar" />
    <property name="file.encoding" value="UTF-8" />
    <property name="env.GRAILS_HOME" value="/Users/Alice/Dev/Grails/Grails_2.2.2" />
    <property name="java.specification.version" value="1.7" />
    <property name="src.dir" value="/Users/Alice/Dev/Workspace/InheritanceToComposition/fitnesse/src" />
    <property name="ant.project.invoked-targets" value="all" />
    <property name="javadoc.dir" value="/Users/Alice/Dev/Workspace/InheritanceToComposition/fitnesse/javadoc" />
  </properties>
  <testcase classname="fitnesse.responders.run.TestResponderTest" name="simpleTextFormatForPassingTest" time="0.165" />
  <testcase classname="fitnesse.responders.run.TestResponderTest" name="testExecutionStatusOutputCaptured" time="1.214" />
  <testcase classname="fitnesse.responders.run.TestResponderTest" name="testExecutionStatusError" time="0.341" />
  <testcase classname="fitnesse.responders.run.TestResponderTest" name="testSuiteSetUpAndTearDownIsCalledIfSingleTestIsRun" time="0.485" />
  <testcase classname="fitnesse.responders.run.TestResponderTest" name="testErrorOutput" time="0.744" />
  <testcase classname="fitnesse.responders.run.TestResponderTest" name="testTestHasStopped" time="0.077" />
  <testcase classname="fitnesse.responders.run.TestResponderTest" name="testSimpleRun" time="0.196" />
  <testcase classname="fitnesse.responders.run.TestResponderTest" name="noHistory_skipsHistoryFormatter" time="0.041" />
  <testcase classname="fitnesse.responders.run.TestResponderTest" name="exitCodeIsCountOfErrors" time="0.172" />
  <testcase classname="fitnesse.responders.run.TestResponderTest" name="testNotifyListeners" time="0.223" />
  <testcase classname="fitnesse.responders.run.TestResponderTest" name="testAuthentication_RequiresTestPermission" time="0.032" />
  <testcase classname="fitnesse.responders.run.TestResponderTest" name="testHead" time="0.178" />
  <testcase classname="fitnesse.responders.run.TestResponderTest" name="testHasExitValueHeader" time="0.201" />
  <testcase classname="fitnesse.responders.run.TestResponderTest" name="testSuiteTearDownDoesNotIncludeTearDown" time="0.395" />
  <testcase classname="fitnesse.responders.run.TestResponderTest" name="testSuiteSetUpAndSuiteTearDownWithSetUpAndTearDown" time="0.693" />
  <testcase classname="fitnesse.responders.run.TestResponderTest" name="simpleTextFormatForErrorTest" time="0.163" />
  <testcase classname="fitnesse.responders.run.TestResponderTest" name="testIsValidHtml" time="0.18" />
  <testcase classname="fitnesse.responders.run.TestResponderTest" name="pageHistoryLinkIsIncluded" time="0.174" />
  <testcase classname="fitnesse.responders.run.TestResponderTest" name="testFixtureThatCrashes" time="0.29" />
  <testcase classname="fitnesse.responders.run.TestResponderTest" name="testFitSocketGetsClosed" time="0.219" />
  <testcase classname="fitnesse.responders.run.TestResponderTest" name="debugTest" time="0.174" />
  <testcase classname="fitnesse.responders.run.TestResponderTest" name="testTestSummaryHasRightClass" time="0.175" />
  <testcase classname="fitnesse.responders.run.TestResponderTest" name="testTestSummaryInformationAppears" time="0.185" />
  <testcase classname="fitnesse.responders.run.TestResponderTest" name="checkHistoryForSimpleSlimTable" time="0.076" />
  <testcase classname="fitnesse.responders.run.TestResponderTest" name="simpleTextFormatForFailingTest" time="0.396" />
  <testcase classname="fitnesse.responders.run.TestResponderTest" name="slimScenarioXmlFormat" time="0.143" />
  <testcase classname="fitnesse.responders.run.TestResponderTest" name="testExecutionStatusErrorHasPriority" time="0.291" />
  <testcase classname="fitnesse.responders.run.TestResponderTest" name="simpleXmlFormat" time="0.175" />
  <testcase classname="fitnesse.responders.run.TestResponderTest" name="testResultsIncludeActions" time="0.174" />
  <testcase classname="fitnesse.responders.run.TestResponderTest" name="testStandardOutput" time="0.381" />
  <testcase classname="fitnesse.responders.run.TestResponderTest" name="testSuiteSetUpDoesNotIncludeSetUp" time="0.394" />
  <testcase classname="fitnesse.responders.run.TestResponderTest" name="slimXmlFormatGivesErrorCountAsExitCode" time="0.074" />
  <testcase classname="fitnesse.responders.run.TestResponderTest" name="testTestSummaryAppears" time="0.238" />
  <testcase classname="fitnesse.responders.run.TestResponderTest" name="testExecutionStatusOk" time="0.177" />
  <testcase classname="fitnesse.responders.run.TestResponderTest" name="testResultsHaveHeaderAndFooter" time="0.176" />
  <testcase classname="fitnesse.responders.run.TestResponderTest" name="testExecutionStatusAppears" time="0.17" />
  <testcase classname="fitnesse.responders.run.TestResponderTest" name="slimXmlFormat" time="0.028" />
  <testcase classname="fitnesse.responders.run.TestResponderTest" name="testEmptyTestPage" time="0.216" />
  <system-out><![CDATA[java.net.SocketException: Socket closed
	at java.net.SocketInputStream.socketRead0(Native Method)
	at java.net.SocketInputStream.read(SocketInputStream.java:150)
	at java.net.SocketInputStream.read(SocketInputStream.java:121)
	at java.net.SocketInputStream.read(SocketInputStream.java:107)
	at util.StreamReader$2.read(StreamReader.java:167)
	at util.StreamReader.readUntilFinished(StreamReader.java:104)
	at util.StreamReader.preformRead(StreamReader.java:93)
	at util.StreamReader.readBytes(StreamReader.java:51)
	at util.StreamReader.read(StreamReader.java:44)
	at fitnesse.slim.SlimClient.getLengthToRead(SlimClient.java:148)
	at fitnesse.slim.SlimClient.invokeAndGetResponse(SlimClient.java:91)
	at fitnesse.testsystems.slim.SlimTestSystem.processTable(SlimTestSystem.java:215)
	at fitnesse.testsystems.slim.SlimTestSystem.processAllTablesOnPage(SlimTestSystem.java:203)
	at fitnesse.testsystems.slim.SlimTestSystem.runTests(SlimTestSystem.java:153)
	at fitnesse.responders.run.MultipleTestsRunner.executeTestSystemPages(MultipleTestsRunner.java:126)
	at fitnesse.responders.run.MultipleTestsRunner.startTestSystemAndExecutePages(MultipleTestsRunner.java:112)
	at fitnesse.responders.run.MultipleTestsRunner.internalExecuteTestPages(MultipleTestsRunner.java:87)
	at fitnesse.responders.run.MultipleTestsRunner.executeTestPages(MultipleTestsRunner.java:60)
	at fitnesse.responders.run.TestResponder.performExecution(TestResponder.java:180)
	at fitnesse.responders.run.TestResponder.doExecuteTests(TestResponder.java:61)
	at fitnesse.responders.run.TestResponder$TestExecutor.execute(TestResponder.java:95)
	at sun.reflect.GeneratedMethodAccessor86.invoke(Unknown Source)
	at sun.reflect.DelegatingMethodAccessorImpl.invoke(DelegatingMethodAccessorImpl.java:43)
	at java.lang.reflect.Method.invoke(Method.java:606)
	at org.apache.velocity.util.introspection.UberspectImpl$VelMethodImpl.doInvoke(UberspectImpl.java:395)
	at org.apache.velocity.util.introspection.UberspectImpl$VelMethodImpl.invoke(UberspectImpl.java:384)
	at org.apache.velocity.runtime.parser.node.ASTMethod.execute(ASTMethod.java:173)
	at org.apache.velocity.runtime.parser.node.ASTReference.execute(ASTReference.java:280)
	at org.apache.velocity.runtime.parser.node.ASTReference.render(ASTReference.java:369)
	at org.apache.velocity.runtime.parser.node.SimpleNode.render(SimpleNode.java:342)
	at org.apache.velocity.runtime.directive.Parse.render(Parse.java:260)
	at org.apache.velocity.runtime.parser.node.ASTDirective.render(ASTDirective.java:207)
	at org.apache.velocity.runtime.parser.node.SimpleNode.render(SimpleNode.java:342)
	at org.apache.velocity.Template.merge(Template.java:356)
	at org.apache.velocity.Template.merge(Template.java:260)
	at fitnesse.responders.templateUtilities.HtmlPage.render(HtmlPage.java:80)
	at fitnesse.responders.run.TestResponder.doSending(TestResponder.java:50)
	at fitnesse.responders.ChunkingResponder.startSending(ChunkingResponder.java:66)
	at fitnesse.http.ChunkedResponse.sendTo(ChunkedResponse.java:25)
	at fitnesse.http.MockResponseSender.doSending(MockResponseSender.java:43)
	at fitnesse.responders.run.TestResponderTest.doSimpleRunWithTags(TestResponderTest.java:125)
	at fitnesse.responders.run.TestResponderTest.doSimpleRun(TestResponderTest.java:110)
	at fitnesse.responders.run.TestResponderTest.testTestHasStopped(TestResponderTest.java:434)
	at sun.reflect.NativeMethodAccessorImpl.invoke0(Native Method)
	at sun.reflect.NativeMethodAccessorImpl.invoke(NativeMethodAccessorImpl.java:57)
	at sun.reflect.DelegatingMethodAccessorImpl.invoke(DelegatingMethodAccessorImpl.java:43)
	at java.lang.reflect.Method.invoke(Method.java:606)
	at org.junit.runners.model.FrameworkMethod$1.runReflectiveCall(FrameworkMethod.java:47)
	at org.junit.internal.runners.model.ReflectiveCallable.run(ReflectiveCallable.java:12)
	at org.junit.runners.model.FrameworkMethod.invokeExplosively(FrameworkMethod.java:44)
	at org.junit.internal.runners.statements.InvokeMethod.evaluate(InvokeMethod.java:17)
	at org.junit.internal.runners.statements.RunBefores.evaluate(RunBefores.java:26)
	at org.junit.internal.runners.statements.RunAfters.evaluate(RunAfters.java:27)
	at org.junit.runners.ParentRunner.runLeaf(ParentRunner.java:271)
	at org.junit.runners.BlockJUnit4ClassRunner.runChild(BlockJUnit4ClassRunner.java:70)
	at org.junit.runners.BlockJUnit4ClassRunner.runChild(BlockJUnit4ClassRunner.java:50)
	at org.junit.runners.ParentRunner$3.run(ParentRunner.java:238)
	at org.junit.runners.ParentRunner$1.schedule(ParentRunner.java:63)
	at org.junit.runners.ParentRunner.runChildren(ParentRunner.java:236)
	at org.junit.runners.ParentRunner.access$000(ParentRunner.java:53)
	at org.junit.runners.ParentRunner$2.evaluate(ParentRunner.java:229)
	at org.junit.runners.ParentRunner.run(ParentRunner.java:309)
	at junit.framework.JUnit4TestAdapter.run(JUnit4TestAdapter.java:38)
	at org.apache.tools.ant.taskdefs.optional.junit.JUnitTestRunner.run(JUnitTestRunner.java:518)
	at org.apache.tools.ant.taskdefs.optional.junit.JUnitTestRunner.launch(JUnitTestRunner.java:1052)
	at org.apache.tools.ant.taskdefs.optional.junit.JUnitTestRunner.main(JUnitTestRunner.java:879)
]]></system-out>
  <system-err><![CDATA[Already an in-process server running: Thread-344 (alive=true)
java.lang.InterruptedException: sleep interrupted
	at java.lang.Thread.sleep(Native Method)
	at fitnesse.testutil.CreateFileAndWaitFixture.<init>(CreateFileAndWaitFixture.java:10)
	at sun.reflect.NativeConstructorAccessorImpl.newInstance0(Native Method)
	at sun.reflect.NativeConstructorAccessorImpl.newInstance(NativeConstructorAccessorImpl.java:57)
	at sun.reflect.DelegatingConstructorAccessorImpl.newInstance(DelegatingConstructorAccessorImpl.java:45)
	at java.lang.reflect.Constructor.newInstance(Constructor.java:526)
	at fitnesse.slim.fixtureInteraction.DefaultInteraction.newInstance(DefaultInteraction.java:11)
	at fitnesse.slim.SlimExecutionContext.newInstance(SlimExecutionContext.java:118)
	at fitnesse.slim.SlimExecutionContext.createInstanceOfConstructor(SlimExecutionContext.java:107)
	at fitnesse.slim.SlimExecutionContext.create(SlimExecutionContext.java:42)
	at fitnesse.slim.StatementExecutor.create(StatementExecutor.java:75)
	at fitnesse.slim.instructions.MakeInstruction.executeInternal(MakeInstruction.java:26)
	at fitnesse.slim.instructions.Instruction.execute(Instruction.java:30)
	at fitnesse.slim.ListExecutor$Executive.executeStatement(ListExecutor.java:51)
	at fitnesse.slim.ListExecutor$Executive.executeStatements(ListExecutor.java:45)
	at fitnesse.slim.ListExecutor.execute(ListExecutor.java:85)
	at fitnesse.slim.SlimServer.executeInstructions(SlimServer.java:107)
	at fitnesse.slim.SlimServer.processTheInstructions(SlimServer.java:94)
	at fitnesse.slim.SlimServer.processOneSetOfInstructions(SlimServer.java:68)
	at fitnesse.slim.SlimServer.tryProcessInstructions(SlimServer.java:54)
	at fitnesse.slim.SlimServer.serve(SlimServer.java:40)
	at fitnesse.slim.SlimService.accept(SlimService.java:111)
	at fitnesse.slim.SlimService$1.run(SlimService.java:50)
java.lang.RuntimeException: Already an in-process server running: Thread-344 (alive=true)
	at fitnesse.slim.SlimService.startWithFactoryAsync(SlimService.java:44)
	at fitnesse.testsystems.slim.SlimTestSystem.tryCreateSlimService(SlimTestSystem.java:121)
	at fitnesse.testsystems.slim.SlimTestSystem.createSlimService(SlimTestSystem.java:109)
	at fitnesse.testsystems.slim.SlimTestSystem.start(SlimTestSystem.java:78)
	at fitnesse.testsystems.TestSystemGroup.startTestSystem(TestSystemGroup.java:63)
	at fitnesse.responders.run.MultipleTestsRunner.startTestSystemAndExecutePages(MultipleTestsRunner.java:105)
	at fitnesse.responders.run.MultipleTestsRunner.internalExecuteTestPages(MultipleTestsRunner.java:87)
	at fitnesse.responders.run.MultipleTestsRunner.executeTestPages(MultipleTestsRunner.java:60)
	at fitnesse.responders.run.TestResponder.performExecution(TestResponder.java:180)
	at fitnesse.responders.run.TestResponder.doExecuteTests(TestResponder.java:61)
	at fitnesse.responders.run.TestResponder$TestExecutor.execute(TestResponder.java:95)
	at sun.reflect.GeneratedMethodAccessor86.invoke(Unknown Source)
	at sun.reflect.DelegatingMethodAccessorImpl.invoke(DelegatingMethodAccessorImpl.java:43)
	at java.lang.reflect.Method.invoke(Method.java:606)
	at org.apache.velocity.util.introspection.UberspectImpl$VelMethodImpl.doInvoke(UberspectImpl.java:395)
	at org.apache.velocity.util.introspection.UberspectImpl$VelMethodImpl.invoke(UberspectImpl.java:384)
	at org.apache.velocity.runtime.parser.node.ASTMethod.execute(ASTMethod.java:173)
	at org.apache.velocity.runtime.parser.node.ASTReference.execute(ASTReference.java:280)
	at org.apache.velocity.runtime.parser.node.ASTReference.render(ASTReference.java:369)
	at org.apache.velocity.runtime.parser.node.SimpleNode.render(SimpleNode.java:342)
	at org.apache.velocity.runtime.directive.Parse.render(Parse.java:260)
	at org.apache.velocity.runtime.parser.node.ASTDirective.render(ASTDirective.java:207)
	at org.apache.velocity.runtime.parser.node.SimpleNode.render(SimpleNode.java:342)
	at org.apache.velocity.Template.merge(Template.java:356)
	at org.apache.velocity.Template.merge(Template.java:260)
	at fitnesse.responders.templateUtilities.HtmlPage.render(HtmlPage.java:80)
	at fitnesse.responders.run.TestResponder.doSending(TestResponder.java:50)
	at fitnesse.responders.ChunkingResponder.startSending(ChunkingResponder.java:66)
	at fitnesse.http.ChunkedResponse.sendTo(ChunkedResponse.java:25)
	at fitnesse.http.MockResponseSender.doSending(MockResponseSender.java:43)
	at fitnesse.responders.run.TestResponderTest.doSimpleRunWithTags(TestResponderTest.java:125)
	at fitnesse.responders.run.TestResponderTest.doSimpleRun(TestResponderTest.java:110)
	at fitnesse.responders.run.TestResponderTest.noHistory_skipsHistoryFormatter(TestResponderTest.java:274)
	at sun.reflect.NativeMethodAccessorImpl.invoke0(Native Method)
	at sun.reflect.NativeMethodAccessorImpl.invoke(NativeMethodAccessorImpl.java:57)
	at sun.reflect.DelegatingMethodAccessorImpl.invoke(DelegatingMethodAccessorImpl.java:43)
	at java.lang.reflect.Method.invoke(Method.java:606)
	at org.junit.runners.model.FrameworkMethod$1.runReflectiveCall(FrameworkMethod.java:47)
	at org.junit.internal.runners.model.ReflectiveCallable.run(ReflectiveCallable.java:12)
	at org.junit.runners.model.FrameworkMethod.invokeExplosively(FrameworkMethod.java:44)
	at org.junit.internal.runners.statements.InvokeMethod.evaluate(InvokeMethod.java:17)
	at org.junit.internal.runners.statements.RunBefores.evaluate(RunBefores.java:26)
	at org.junit.internal.runners.statements.RunAfters.evaluate(RunAfters.java:27)
	at org.junit.runners.ParentRunner.runLeaf(ParentRunner.java:271)
	at org.junit.runners.BlockJUnit4ClassRunner.runChild(BlockJUnit4ClassRunner.java:70)
	at org.junit.runners.BlockJUnit4ClassRunner.runChild(BlockJUnit4ClassRunner.java:50)
	at org.junit.runners.ParentRunner$3.run(ParentRunner.java:238)
	at org.junit.runners.ParentRunner$1.schedule(ParentRunner.java:63)
	at org.junit.runners.ParentRunner.runChildren(ParentRunner.java:236)
	at org.junit.runners.ParentRunner.access$000(ParentRunner.java:53)
	at org.junit.runners.ParentRunner$2.evaluate(ParentRunner.java:229)
	at org.junit.runners.ParentRunner.run(ParentRunner.java:309)
	at junit.framework.JUnit4TestAdapter.run(JUnit4TestAdapter.java:38)
	at org.apache.tools.ant.taskdefs.optional.junit.JUnitTestRunner.run(JUnitTestRunner.java:518)
	at org.apache.tools.ant.taskdefs.optional.junit.JUnitTestRunner.launch(JUnitTestRunner.java:1052)
	at org.apache.tools.ant.taskdefs.optional.junit.JUnitTestRunner.main(JUnitTestRunner.java:879)
Number format error: 
Error while executing SLIM instructions: For input string: ""
java.lang.NumberFormatException: For input string: ""
	at java.lang.NumberFormatException.forInputString(NumberFormatException.java:65)
	at java.lang.Integer.parseInt(Integer.java:504)
	at java.lang.Integer.parseInt(Integer.java:527)
	at fitnesse.slim.SlimServer.getInstructionsFromClient(SlimServer.java:77)
	at fitnesse.slim.SlimServer.processOneSetOfInstructions(SlimServer.java:66)
	at fitnesse.slim.SlimServer.tryProcessInstructions(SlimServer.java:54)
	at fitnesse.slim.SlimServer.serve(SlimServer.java:40)
	at fitnesse.slim.SlimService.accept(SlimService.java:111)
	at fitnesse.slim.SlimService$1.run(SlimService.java:50)
]]></system-err>
</testsuite>
