<?xml version="1.0" encoding="UTF-8" ?>
<testsuite errors="0" failures="0" hostname="Alices-MacBook-Pro-2.local" name="fitnesse.responders.run.TestResponderTest" tests="38" time="9.855" timestamp="2013-10-25T13:04:09">
  <properties>
[...]
</properties>
  <testcase classname="fitnesse.responders.run.TestResponderTest" name="simpleTextFormatForPassingTest" time="0.165" />
  <testcase classname="fitnesse.responders.run.TestResponderTest" name="testExecutionStatusOutputCaptured" time="1.214" />
  <testcase classname="fitnesse.responders.run.TestResponderTest" name="testExecutionStatusError" time="0.341" />
  <testcase classname="fitnesse.responders.run.TestResponderTest" name="testSuiteSetUpAndTearDownIsCalledIfSingleTestIsRun" time="0.485" />
  <testcase classname="fitnesse.responders.run.TestResponderTest" name="testErrorOutput" time="0.744" />
  <testcase classname="fitnesse.responders.run.TestResponderTest" name="testTestHasStopped" time="0.077" />
  <testcase classname="fitnesse.responders.run.TestResponderTest" name="testSimpleRun" time="0.196" />
  <testcase classname="fitnesse.responders.run.TestResponderTest" name="noHistory_skipsHistoryFormatter" time="0.041" />
  <testcase classname="fitnesse.responders.run.TestResponderTest" name="exitCodeIsCountOfErrors" time="0.172" />
  <testcase classname="fitnesse.responders.run.TestResponderTest" name="testNotifyListeners" time="0.223" />
  <testcase classname="fitnesse.responders.run.TestResponderTest" name="testAuthentication_RequiresTestPermission" time="0.032" />
  <testcase classname="fitnesse.responders.run.TestResponderTest" name="testHead" time="0.178" />
  <testcase classname="fitnesse.responders.run.TestResponderTest" name="testHasExitValueHeader" time="0.201" />
  <testcase classname="fitnesse.responders.run.TestResponderTest" name="testSuiteTearDownDoesNotIncludeTearDown" time="0.395" />
  <testcase classname="fitnesse.responders.run.TestResponderTest" name="testSuiteSetUpAndSuiteTearDownWithSetUpAndTearDown" time="0.693" />
  <testcase classname="fitnesse.responders.run.TestResponderTest" name="simpleTextFormatForErrorTest" time="0.163" />
  <testcase classname="fitnesse.responders.run.TestResponderTest" name="testIsValidHtml" time="0.18" />
  <testcase classname="fitnesse.responders.run.TestResponderTest" name="pageHistoryLinkIsIncluded" time="0.174" />
  <testcase classname="fitnesse.responders.run.TestResponderTest" name="testFixtureThatCrashes" time="0.29" />
  <testcase classname="fitnesse.responders.run.TestResponderTest" name="testFitSocketGetsClosed" time="0.219" />
  <testcase classname="fitnesse.responders.run.TestResponderTest" name="debugTest" time="0.174" />
  <testcase classname="fitnesse.responders.run.TestResponderTest" name="testTestSummaryHasRightClass" time="0.175" />
  <testcase classname="fitnesse.responders.run.TestResponderTest" name="testTestSummaryInformationAppears" time="0.185" />
  <testcase classname="fitnesse.responders.run.TestResponderTest" name="checkHistoryForSimpleSlimTable" time="0.076" />
  <testcase classname="fitnesse.responders.run.TestResponderTest" name="simpleTextFormatForFailingTest" time="0.396" />
  <testcase classname="fitnesse.responders.run.TestResponderTest" name="slimScenarioXmlFormat" time="0.143" />
  <testcase classname="fitnesse.responders.run.TestResponderTest" name="testExecutionStatusErrorHasPriority" time="0.291" />
  <testcase classname="fitnesse.responders.run.TestResponderTest" name="simpleXmlFormat" time="0.175" />
  <testcase classname="fitnesse.responders.run.TestResponderTest" name="testResultsIncludeActions" time="0.174" />
  <testcase classname="fitnesse.responders.run.TestResponderTest" name="testStandardOutput" time="0.381" />
  <testcase classname="fitnesse.responders.run.TestResponderTest" name="testSuiteSetUpDoesNotIncludeSetUp" time="0.394" />
  <testcase classname="fitnesse.responders.run.TestResponderTest" name="slimXmlFormatGivesErrorCountAsExitCode" time="0.074" />
  <testcase classname="fitnesse.responders.run.TestResponderTest" name="testTestSummaryAppears" time="0.238" />
  <testcase classname="fitnesse.responders.run.TestResponderTest" name="testExecutionStatusOk" time="0.177" />
  <testcase classname="fitnesse.responders.run.TestResponderTest" name="testResultsHaveHeaderAndFooter" time="0.176" />
  <testcase classname="fitnesse.responders.run.TestResponderTest" name="testExecutionStatusAppears" time="0.17" />
  <testcase classname="fitnesse.responders.run.TestResponderTest" name="slimXmlFormat" time="0.028" />
  <testcase classname="fitnesse.responders.run.TestResponderTest" name="testEmptyTestPage" time="0.216" />
  <system-out><![CDATA[java.net.SocketException: Socket closed
	at java.net.SocketInputStream.socketRead0(Native Method)
	at java.net.SocketInputStream.read(SocketInputStream.java:150)
	at java.net.SocketInputStream.read(SocketInputStream.java:121)
	at java.net.SocketInputStream.read(SocketInputStream.java:107)
	at util.StreamReader$2.read(StreamReader.java:167)
	at util.StreamReader.readUntilFinished(StreamReader.java:104)
	at util.StreamReader.preformRead(StreamReader.java:93)
	at util.StreamReader.readBytes(StreamReader.java:51)
	at util.StreamReader.read(StreamReader.java:44)
	at fitnesse.slim.SlimClient.getLengthToRead(SlimClient.java:148)
	at fitnesse.slim.SlimClient.invokeAndGetResponse(SlimClient.java:91)
	at fitnesse.testsystems.slim.SlimTestSystem.processTable(SlimTestSystem.java:215)
	at fitnesse.testsystems.slim.SlimTestSystem.processAllTablesOnPage(SlimTestSystem.java:203)
	at fitnesse.testsystems.slim.SlimTestSystem.runTests(SlimTestSystem.java:153)
	at fitnesse.responders.run.MultipleTestsRunner.executeTestSystemPages(MultipleTestsRunner.java:126)
	at fitnesse.responders.run.MultipleTestsRunner.startTestSystemAndExecutePages(MultipleTestsRunner.java:112)
	at fitnesse.responders.run.MultipleTestsRunner.internalExecuteTestPages(MultipleTestsRunner.java:87)
	at fitnesse.responders.run.MultipleTestsRunner.executeTestPages(MultipleTestsRunner.java:60)
	at fitnesse.responders.run.TestResponder.performExecution(TestResponder.java:180)
	at fitnesse.responders.run.TestResponder.doExecuteTests(TestResponder.java:61)
	at fitnesse.responders.run.TestResponder$TestExecutor.execute(TestResponder.java:95)
	at sun.reflect.GeneratedMethodAccessor86.invoke(Unknown Source)
	at sun.reflect.DelegatingMethodAccessorImpl.invoke(DelegatingMethodAccessorImpl.java:43)
	at java.lang.reflect.Method.invoke(Method.java:606)
	at org.apache.velocity.util.introspection.UberspectImpl$VelMethodImpl.doInvoke(UberspectImpl.java:395)
	at org.apache.velocity.util.introspection.UberspectImpl$VelMethodImpl.invoke(UberspectImpl.java:384)
	at org.apache.velocity.runtime.parser.node.ASTMethod.execute(ASTMethod.java:173)
	at org.apache.velocity.runtime.parser.node.ASTReference.execute(ASTReference.java:280)
	at org.apache.velocity.runtime.parser.node.ASTReference.render(ASTReference.java:369)
	at org.apache.velocity.runtime.parser.node.SimpleNode.render(SimpleNode.java:342)
	at org.apache.velocity.runtime.directive.Parse.render(Parse.java:260)
	at org.apache.velocity.runtime.parser.node.ASTDirective.render(ASTDirective.java:207)
	at org.apache.velocity.runtime.parser.node.SimpleNode.render(SimpleNode.java:342)
	at org.apache.velocity.Template.merge(Template.java:356)
	at org.apache.velocity.Template.merge(Template.java:260)
	at fitnesse.responders.templateUtilities.HtmlPage.render(HtmlPage.java:80)
	at fitnesse.responders.run.TestResponder.doSending(TestResponder.java:50)
	at fitnesse.responders.ChunkingResponder.startSending(ChunkingResponder.java:66)
	at fitnesse.http.ChunkedResponse.sendTo(ChunkedResponse.java:25)
	at fitnesse.http.MockResponseSender.doSending(MockResponseSender.java:43)
	at fitnesse.responders.run.TestResponderTest.doSimpleRunWithTags(TestResponderTest.java:125)
	at fitnesse.responders.run.TestResponderTest.doSimpleRun(TestResponderTest.java:110)
	at fitnesse.responders.run.TestResponderTest.testTestHasStopped(TestResponderTest.java:434)
	at sun.reflect.NativeMethodAccessorImpl.invoke0(Native Method)
	at sun.reflect.NativeMethodAccessorImpl.invoke(NativeMethodAccessorImpl.java:57)
	at sun.reflect.DelegatingMethodAccessorImpl.invoke(DelegatingMethodAccessorImpl.java:43)
	at java.lang.reflect.Method.invoke(Method.java:606)
	at org.junit.runners.model.FrameworkMethod$1.runReflectiveCall(FrameworkMethod.java:47)
	at org.junit.internal.runners.model.ReflectiveCallable.run(ReflectiveCallable.java:12)
	at org.junit.runners.model.FrameworkMethod.invokeExplosively(FrameworkMethod.java:44)
	at org.junit.internal.runners.statements.InvokeMethod.evaluate(InvokeMethod.java:17)
	at org.junit.internal.runners.statements.RunBefores.evaluate(RunBefores.java:26)
	at org.junit.internal.runners.statements.RunAfters.evaluate(RunAfters.java:27)
	at org.junit.runners.ParentRunner.runLeaf(ParentRunner.java:271)
	at org.junit.runners.BlockJUnit4ClassRunner.runChild(BlockJUnit4ClassRunner.java:70)
	at org.junit.runners.BlockJUnit4ClassRunner.runChild(BlockJUnit4ClassRunner.java:50)
	at org.junit.runners.ParentRunner$3.run(ParentRunner.java:238)
	at org.junit.runners.ParentRunner$1.schedule(ParentRunner.java:63)
	at org.junit.runners.ParentRunner.runChildren(ParentRunner.java:236)
	at org.junit.runners.ParentRunner.access$000(ParentRunner.java:53)
	at org.junit.runners.ParentRunner$2.evaluate(ParentRunner.java:229)
	at org.junit.runners.ParentRunner.run(ParentRunner.java:309)
	at junit.framework.JUnit4TestAdapter.run(JUnit4TestAdapter.java:38)
	at org.apache.tools.ant.taskdefs.optional.junit.JUnitTestRunner.run(JUnitTestRunner.java:518)
	at org.apache.tools.ant.taskdefs.optional.junit.JUnitTestRunner.launch(JUnitTestRunner.java:1052)
	at org.apache.tools.ant.taskdefs.optional.junit.JUnitTestRunner.main(JUnitTestRunner.java:879)
]]></system-out>
  <system-err><![CDATA[Already an in-process server running: Thread-344 (alive=true)
java.lang.InterruptedException: sleep interrupted
	at java.lang.Thread.sleep(Native Method)
	at fitnesse.testutil.CreateFileAndWaitFixture.<init>(CreateFileAndWaitFixture.java:10)
	at sun.reflect.NativeConstructorAccessorImpl.newInstance0(Native Method)
	at sun.reflect.NativeConstructorAccessorImpl.newInstance(NativeConstructorAccessorImpl.java:57)
	at sun.reflect.DelegatingConstructorAccessorImpl.newInstance(DelegatingConstructorAccessorImpl.java:45)
	at java.lang.reflect.Constructor.newInstance(Constructor.java:526)
	at fitnesse.slim.fixtureInteraction.DefaultInteraction.newInstance(DefaultInteraction.java:11)
	at fitnesse.slim.SlimExecutionContext.newInstance(SlimExecutionContext.java:118)
	at fitnesse.slim.SlimExecutionContext.createInstanceOfConstructor(SlimExecutionContext.java:107)
	at fitnesse.slim.SlimExecutionContext.create(SlimExecutionContext.java:42)
	at fitnesse.slim.StatementExecutor.create(StatementExecutor.java:75)
	at fitnesse.slim.instructions.MakeInstruction.executeInternal(MakeInstruction.java:26)
	at fitnesse.slim.instructions.Instruction.execute(Instruction.java:30)
	at fitnesse.slim.ListExecutor$Executive.executeStatement(ListExecutor.java:51)
	at fitnesse.slim.ListExecutor$Executive.executeStatements(ListExecutor.java:45)
	at fitnesse.slim.ListExecutor.execute(ListExecutor.java:85)
	at fitnesse.slim.SlimServer.executeInstructions(SlimServer.java:107)
	at fitnesse.slim.SlimServer.processTheInstructions(SlimServer.java:94)
	at fitnesse.slim.SlimServer.processOneSetOfInstructions(SlimServer.java:68)
	at fitnesse.slim.SlimServer.tryProcessInstructions(SlimServer.java:54)
	at fitnesse.slim.SlimServer.serve(SlimServer.java:40)
	at fitnesse.slim.SlimService.accept(SlimService.java:111)
	at fitnesse.slim.SlimService$1.run(SlimService.java:50)
java.lang.RuntimeException: Already an in-process server running: Thread-344 (alive=true)
	at fitnesse.slim.SlimService.startWithFactoryAsync(SlimService.java:44)
	at fitnesse.testsystems.slim.SlimTestSystem.tryCreateSlimService(SlimTestSystem.java:121)
	at fitnesse.testsystems.slim.SlimTestSystem.createSlimService(SlimTestSystem.java:109)
	at fitnesse.testsystems.slim.SlimTestSystem.start(SlimTestSystem.java:78)
	at fitnesse.testsystems.TestSystemGroup.startTestSystem(TestSystemGroup.java:63)
	at fitnesse.responders.run.MultipleTestsRunner.startTestSystemAndExecutePages(MultipleTestsRunner.java:105)
	at fitnesse.responders.run.MultipleTestsRunner.internalExecuteTestPages(MultipleTestsRunner.java:87)
	at fitnesse.responders.run.MultipleTestsRunner.executeTestPages(MultipleTestsRunner.java:60)
	at fitnesse.responders.run.TestResponder.performExecution(TestResponder.java:180)
	at fitnesse.responders.run.TestResponder.doExecuteTests(TestResponder.java:61)
	at fitnesse.responders.run.TestResponder$TestExecutor.execute(TestResponder.java:95)
	at sun.reflect.GeneratedMethodAccessor86.invoke(Unknown Source)
	at sun.reflect.DelegatingMethodAccessorImpl.invoke(DelegatingMethodAccessorImpl.java:43)
	at java.lang.reflect.Method.invoke(Method.java:606)
	at org.apache.velocity.util.introspection.UberspectImpl$VelMethodImpl.doInvoke(UberspectImpl.java:395)
	at org.apache.velocity.util.introspection.UberspectImpl$VelMethodImpl.invoke(UberspectImpl.java:384)
	at org.apache.velocity.runtime.parser.node.ASTMethod.execute(ASTMethod.java:173)
	at org.apache.velocity.runtime.parser.node.ASTReference.execute(ASTReference.java:280)
	at org.apache.velocity.runtime.parser.node.ASTReference.render(ASTReference.java:369)
	at org.apache.velocity.runtime.parser.node.SimpleNode.render(SimpleNode.java:342)
	at org.apache.velocity.runtime.directive.Parse.render(Parse.java:260)
	at org.apache.velocity.runtime.parser.node.ASTDirective.render(ASTDirective.java:207)
	at org.apache.velocity.runtime.parser.node.SimpleNode.render(SimpleNode.java:342)
	at org.apache.velocity.Template.merge(Template.java:356)
	at org.apache.velocity.Template.merge(Template.java:260)
	at fitnesse.responders.templateUtilities.HtmlPage.render(HtmlPage.java:80)
	at fitnesse.responders.run.TestResponder.doSending(TestResponder.java:50)
	at fitnesse.responders.ChunkingResponder.startSending(ChunkingResponder.java:66)
	at fitnesse.http.ChunkedResponse.sendTo(ChunkedResponse.java:25)
	at fitnesse.http.MockResponseSender.doSending(MockResponseSender.java:43)
	at fitnesse.responders.run.TestResponderTest.doSimpleRunWithTags(TestResponderTest.java:125)
	at fitnesse.responders.run.TestResponderTest.doSimpleRun(TestResponderTest.java:110)
	at fitnesse.responders.run.TestResponderTest.noHistory_skipsHistoryFormatter(TestResponderTest.java:274)
	at sun.reflect.NativeMethodAccessorImpl.invoke0(Native Method)
	at sun.reflect.NativeMethodAccessorImpl.invoke(NativeMethodAccessorImpl.java:57)
	at sun.reflect.DelegatingMethodAccessorImpl.invoke(DelegatingMethodAccessorImpl.java:43)
	at java.lang.reflect.Method.invoke(Method.java:606)
	at org.junit.runners.model.FrameworkMethod$1.runReflectiveCall(FrameworkMethod.java:47)
	at org.junit.internal.runners.model.ReflectiveCallable.run(ReflectiveCallable.java:12)
	at org.junit.runners.model.FrameworkMethod.invokeExplosively(FrameworkMethod.java:44)
	at org.junit.internal.runners.statements.InvokeMethod.evaluate(InvokeMethod.java:17)
	at org.junit.internal.runners.statements.RunBefores.evaluate(RunBefores.java:26)
	at org.junit.internal.runners.statements.RunAfters.evaluate(RunAfters.java:27)
	at org.junit.runners.ParentRunner.runLeaf(ParentRunner.java:271)
	at org.junit.runners.BlockJUnit4ClassRunner.runChild(BlockJUnit4ClassRunner.java:70)
	at org.junit.runners.BlockJUnit4ClassRunner.runChild(BlockJUnit4ClassRunner.java:50)
	at org.junit.runners.ParentRunner$3.run(ParentRunner.java:238)
	at org.junit.runners.ParentRunner$1.schedule(ParentRunner.java:63)
	at org.junit.runners.ParentRunner.runChildren(ParentRunner.java:236)
	at org.junit.runners.ParentRunner.access$000(ParentRunner.java:53)
	at org.junit.runners.ParentRunner$2.evaluate(ParentRunner.java:229)
	at org.junit.runners.ParentRunner.run(ParentRunner.java:309)
	at junit.framework.JUnit4TestAdapter.run(JUnit4TestAdapter.java:38)
	at org.apache.tools.ant.taskdefs.optional.junit.JUnitTestRunner.run(JUnitTestRunner.java:518)
	at org.apache.tools.ant.taskdefs.optional.junit.JUnitTestRunner.launch(JUnitTestRunner.java:1052)
	at org.apache.tools.ant.taskdefs.optional.junit.JUnitTestRunner.main(JUnitTestRunner.java:879)
Number format error: 
Error while executing SLIM instructions: For input string: ""
java.lang.NumberFormatException: For input string: ""
	at java.lang.NumberFormatException.forInputString(NumberFormatException.java:65)
	at java.lang.Integer.parseInt(Integer.java:504)
	at java.lang.Integer.parseInt(Integer.java:527)
	at fitnesse.slim.SlimServer.getInstructionsFromClient(SlimServer.java:77)
	at fitnesse.slim.SlimServer.processOneSetOfInstructions(SlimServer.java:66)
	at fitnesse.slim.SlimServer.tryProcessInstructions(SlimServer.java:54)
	at fitnesse.slim.SlimServer.serve(SlimServer.java:40)
	at fitnesse.slim.SlimService.accept(SlimService.java:111)
	at fitnesse.slim.SlimService$1.run(SlimService.java:50)
]]></system-err>
</testsuite>
